[debug] [2025-07-09T15:41:52.501Z] ----------------------------------------------------------------------
[debug] [2025-07-09T15:41:52.504Z] Command:       C:\Program Files\nodejs\node.exe C:\Users\israe\AppData\Roaming\npm\node_modules\firebase-tools\lib\bin\firebase.js init
[debug] [2025-07-09T15:41:52.504Z] CLI Version:   14.9.0
[debug] [2025-07-09T15:41:52.504Z] Platform:      win32
[debug] [2025-07-09T15:41:52.504Z] Node Version:  v22.14.0
[debug] [2025-07-09T15:41:52.505Z] Time:          Wed Jul 09 2025 18:41:52 GMT+0300 (East Africa Time)
[debug] [2025-07-09T15:41:52.505Z] ----------------------------------------------------------------------
[debug] 
[debug] [2025-07-09T15:41:52.510Z] > command requires scopes: ["email","openid","https://www.googleapis.com/auth/cloudplatformprojects.readonly","https://www.googleapis.com/auth/firebase","https://www.googleapis.com/auth/cloud-platform"]
[debug] [2025-07-09T15:41:52.510Z] > authorizing via signed-in user (homeezana21@gmail.com)
[info] 
     ######## #### ########  ######## ########     ###     ######  ########
     ##        ##  ##     ## ##       ##     ##  ##   ##  ##       ##
     ######    ##  ########  ######   ########  #########  ######  ######
     ##        ##  ##    ##  ##       ##     ## ##     ##       ## ##
     ##       #### ##     ## ######## ########  ##     ##  ######  ########

You're about to initialize a Firebase project in this directory:

  C:\Users\israe\OneDrive\Desktop\Education

[info] 
=== Project Setup
[info] 
[info] First, let's associate this project directory with a Firebase project.
[info] You can create multiple project aliases by running firebase use --add, 
[info] but for now we'll just set up a default project.
[info] 
[debug] [2025-07-09T15:42:10.181Z] Checked if tokens are valid: true, expires at: 1752077521452
[debug] [2025-07-09T15:42:10.181Z] Checked if tokens are valid: true, expires at: 1752077521452
[debug] [2025-07-09T15:42:10.182Z] >>> [apiv2][query] GET https://firebase.googleapis.com/v1beta1/projects pageSize=100
[debug] [2025-07-09T15:42:11.046Z] <<< [apiv2][status] GET https://firebase.googleapis.com/v1beta1/projects 200
[debug] [2025-07-09T15:42:11.046Z] <<< [apiv2][body] GET https://firebase.googleapis.com/v1beta1/projects [omitted]
[info] i  Using project educ-3429c (educ) 
[info] 
=== Hosting Setup
[debug] [2025-07-09T15:42:12.629Z] Checked if tokens are valid: true, expires at: 1752077521452
[debug] [2025-07-09T15:42:12.629Z] Checked if tokens are valid: true, expires at: 1752077521452
[debug] [2025-07-09T15:42:12.630Z] >>> [apiv2][query] GET https://firebase.googleapis.com/v1beta1/projects/educ-3429c [none]
[debug] [2025-07-09T15:42:12.925Z] <<< [apiv2][status] GET https://firebase.googleapis.com/v1beta1/projects/educ-3429c 200
[debug] [2025-07-09T15:42:12.926Z] <<< [apiv2][body] GET https://firebase.googleapis.com/v1beta1/projects/educ-3429c {"projectId":"educ-3429c","projectNumber":"577708996585","displayName":"educ","name":"projects/educ-3429c","resources":{"hostingSite":"educ-3429c"},"state":"ACTIVE","etag":"1_29ed7fbf-ef2b-4d88-9ce9-b85c32e73e80"}
[info] 
[info] Your public directory is the folder (relative to your project directory) that
[info] will contain Hosting assets to be uploaded with firebase deploy. If you
[info] have a build process for your assets, use your build's output directory.
[info] 
[info] +  Wrote public/404.html 
[debug] [2025-07-09T15:42:34.442Z] >>> [apiv2][query] GET https://www.gstatic.com/firebasejs/releases.json [none]
[debug] [2025-07-09T15:42:34.774Z] <<< [apiv2][status] GET https://www.gstatic.com/firebasejs/releases.json 200
[debug] [2025-07-09T15:42:34.774Z] <<< [apiv2][body] GET https://www.gstatic.com/firebasejs/releases.json {"current":{"version":"11.10.0","browserURL":"https://www.gstatic.com/firebasejs/11.10.0/firebase.js","packageURL":"https://www.gstatic.com/firebasejs/11.10.0/firebase.tgz"},"live":{"version":"11.10","browserURL":"https://www.gstatic.com/firebasejs/live/11.10/firebase.js","packageURL":"https://www.gstatic.com/firebasejs/live/11.10/firebase.tgz"},"components":{"ai":"https://www.gstatic.com/firebasejs/11.10.0/firebase-ai.js","analytics":"https://www.gstatic.com/firebasejs/11.10.0/firebase-analytics.js","app":"https://www.gstatic.com/firebasejs/11.10.0/firebase-app.js","app-check":"https://www.gstatic.com/firebasejs/11.10.0/firebase-app-check.js","auth":"https://www.gstatic.com/firebasejs/11.10.0/firebase-auth.js","auth/cordova":"https://www.gstatic.com/firebasejs/11.10.0/firebase-auth/cordova.js","auth/web-extension":"https://www.gstatic.com/firebasejs/11.10.0/firebase-auth/web-extension.js","functions":"https://www.gstatic.com/firebasejs/11.10.0/firebase-functions.js","firestore":"https://www.gstatic.com/firebasejs/11.10.0/firebase-firestore.js","firestore/lite":"https://www.gstatic.com/firebasejs/11.10.0/firebase-firestore/lite.js","installations":"https://www.gstatic.com/firebasejs/11.10.0/firebase-installations.js","storage":"https://www.gstatic.com/firebasejs/11.10.0/firebase-storage.js","performance":"https://www.gstatic.com/firebasejs/11.10.0/firebase-performance.js","remote-config":"https://www.gstatic.com/firebasejs/11.10.0/firebase-remote-config.js","messaging":"https://www.gstatic.com/firebasejs/11.10.0/firebase-messaging.js","messaging/sw":"https://www.gstatic.com/firebasejs/11.10.0/firebase-messaging/sw.js","database":"https://www.gstatic.com/firebasejs/11.10.0/firebase-database.js","vertexai":"https://www.gstatic.com/firebasejs/11.10.0/firebase-vertexai.js","data-connect":"https://www.gstatic.com/firebasejs/11.10.0/firebase-data-connect.js","firestore.memory":"https://www.gstatic.com/firebasejs/11.10.0/firebase-firestore.memory.js"}}
[info] +  Wrote public/index.html 
[info] 
[info] i  Didn't detect a .git folder. Assuming C:\Users\israe\OneDrive\Desktop\Education is the project root. 
[info] i  Authorizing with GitHub to upload your service account to a GitHub repository's secrets store. 
[info] 
[info] Visit this URL on this device to log in:
[info] https://github.com/login/oauth/authorize?client_id=89cf50f02ac6aaed3484&state=581954178&redirect_uri=http%3A%2F%2Flocalhost%3A9005&scope=read%3Auser%20repo%20public_repo
[info] 
[info] Waiting for authentication...
[debug] [2025-07-09T15:42:48.726Z] >>> [apiv2][query] POST https://github.com/login/oauth/access_token [none]
[debug] [2025-07-09T15:42:48.726Z] >>> [apiv2][body] POST https://github.com/login/oauth/access_token [stream]
[debug] [2025-07-09T15:42:49.268Z] <<< [apiv2][status] POST https://github.com/login/oauth/access_token 200
[debug] [2025-07-09T15:42:49.268Z] <<< [apiv2][body] POST https://github.com/login/oauth/access_token {"access_token":"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","token_type":"bearer","scope":"read:user,repo"}
[debug] [2025-07-09T15:42:49.272Z] >>> [apiv2][query] GET https://api.github.com/user [none]
[debug] [2025-07-09T15:42:49.826Z] <<< [apiv2][status] GET https://api.github.com/user 200
[debug] [2025-07-09T15:42:49.826Z] <<< [apiv2][body] GET https://api.github.com/user {"login":"maverick468","id":149854445,"node_id":"U_kgDOCO6Y7Q","avatar_url":"https://avatars.githubusercontent.com/u/149854445?v=4","gravatar_id":"","url":"https://api.github.com/users/maverick468","html_url":"https://github.com/maverick468","followers_url":"https://api.github.com/users/maverick468/followers","following_url":"https://api.github.com/users/maverick468/following{/other_user}","gists_url":"https://api.github.com/users/maverick468/gists{/gist_id}","starred_url":"https://api.github.com/users/maverick468/starred{/owner}{/repo}","subscriptions_url":"https://api.github.com/users/maverick468/subscriptions","organizations_url":"https://api.github.com/users/maverick468/orgs","repos_url":"https://api.github.com/users/maverick468/repos","events_url":"https://api.github.com/users/maverick468/events{/privacy}","received_events_url":"https://api.github.com/users/maverick468/received_events","type":"User","user_view_type":"private","site_admin":false,"name":null,"company":null,"blog":"","location":null,"email":null,"hireable":null,"bio":null,"twitter_username":null,"notification_email":null,"public_repos":18,"public_gists":0,"followers":0,"following":2,"created_at":"2023-11-04T03:23:55Z","updated_at":"2025-07-09T15:42:45Z","private_gists":0,"total_private_repos":0,"owned_private_repos":0,"disk_usage":1681,"collaborators":0,"two_factor_authentication":false,"plan":{"name":"free","space":976562499,"collaborators":0,"private_repos":10000}}
[info] 
[info] +  Success! Logged into GitHub as maverick468 
[info] 
[debug] [2025-07-09T15:43:02.681Z] >>> [apiv2][query] GET https://api.github.com/repos//actions/secrets/public-key type=owner
[debug] [2025-07-09T15:43:03.145Z] <<< [apiv2][status] GET https://api.github.com/repos//actions/secrets/public-key 404
[debug] [2025-07-09T15:43:03.145Z] <<< [apiv2][body] GET https://api.github.com/repos//actions/secrets/public-key {"message":"Not Found","documentation_url":"https://docs.github.com/rest","status":"404"}
[info] 
[info] 
[error] !  The provided authorization cannot be used with this repository. If this repository is in an organization, did you remember to grant access? 
[info] 
[info] i  Action required: Visit this URL to ensure access has been granted to the appropriate organization(s) for the Firebase CLI GitHub OAuth App: 
[info] https://github.com/settings/connections/applications/89cf50f02ac6aaed3484
[info] 
[debug] [2025-07-09T15:43:12.466Z] >>> [apiv2][query] GET https://api.github.com/repos/user/actions/secrets/public-key type=owner
[debug] [2025-07-09T15:43:12.911Z] <<< [apiv2][status] GET https://api.github.com/repos/user/actions/secrets/public-key 404
[debug] [2025-07-09T15:43:12.911Z] <<< [apiv2][body] GET https://api.github.com/repos/user/actions/secrets/public-key {"message":"Not Found","documentation_url":"https://docs.github.com/rest","status":"404"}
[info] 
[info] 
[error] !  The provided authorization cannot be used with this repository. If this repository is in an organization, did you remember to grant access? 
[info] 
[info] i  Action required: Visit this URL to ensure access has been granted to the appropriate organization(s) for the Firebase CLI GitHub OAuth App: 
[info] https://github.com/settings/connections/applications/89cf50f02ac6aaed3484
[info] 
[debug] [2025-07-09T15:43:45.829Z] >>> [apiv2][query] GET https://api.github.com/repos/agmmedia/actions/secrets/public-key type=owner
[debug] [2025-07-09T15:43:46.303Z] <<< [apiv2][status] GET https://api.github.com/repos/agmmedia/actions/secrets/public-key 404
[debug] [2025-07-09T15:43:46.303Z] <<< [apiv2][body] GET https://api.github.com/repos/agmmedia/actions/secrets/public-key {"message":"Not Found","documentation_url":"https://docs.github.com/rest","status":"404"}
[info] 
[info] 
[error] !  The provided authorization cannot be used with this repository. If this repository is in an organization, did you remember to grant access? 
[info] 
[info] i  Action required: Visit this URL to ensure access has been granted to the appropriate organization(s) for the Firebase CLI GitHub OAuth App: 
[info] https://github.com/settings/connections/applications/89cf50f02ac6aaed3484
[info] 
[debug] [2025-07-09T15:43:56.144Z] >>> [apiv2][query] GET https://api.github.com/repos/user/actions/secrets/public-key type=owner
[debug] [2025-07-09T15:43:56.588Z] <<< [apiv2][status] GET https://api.github.com/repos/user/actions/secrets/public-key 404
[debug] [2025-07-09T15:43:56.588Z] <<< [apiv2][body] GET https://api.github.com/repos/user/actions/secrets/public-key {"message":"Not Found","documentation_url":"https://docs.github.com/rest","status":"404"}
[info] 
[info] 
[error] !  The provided authorization cannot be used with this repository. If this repository is in an organization, did you remember to grant access? 
[info] 
[info] i  Action required: Visit this URL to ensure access has been granted to the appropriate organization(s) for the Firebase CLI GitHub OAuth App: 
[info] https://github.com/settings/connections/applications/89cf50f02ac6aaed3484
[info] 
[debug] [2025-07-09T15:44:02.212Z] >>> [apiv2][query] GET https://api.github.com/repos/maverick468/actions/secrets/public-key type=owner
[debug] [2025-07-09T15:44:02.671Z] <<< [apiv2][status] GET https://api.github.com/repos/maverick468/actions/secrets/public-key 404
[debug] [2025-07-09T15:44:02.671Z] <<< [apiv2][body] GET https://api.github.com/repos/maverick468/actions/secrets/public-key {"message":"Not Found","documentation_url":"https://docs.github.com/rest","status":"404"}
[info] 
[info] 
[error] !  The provided authorization cannot be used with this repository. If this repository is in an organization, did you remember to grant access? 
[info] 
[info] i  Action required: Visit this URL to ensure access has been granted to the appropriate organization(s) for the Firebase CLI GitHub OAuth App: 
[info] https://github.com/settings/connections/applications/89cf50f02ac6aaed3484
[info] 
